0 info it worked if it ends with ok
1 verbose cli [ 'node', '/usr/local/bin/npm', 'install', 'contat', '--save-dev' ]
2 info using npm@1.4.28
3 info using node@v0.10.35
4 warn package.json portalplanet-theme@1.0.0 No repository field.
5 warn package.json grunt-contrib-imagemin@0.1.4 No README data
6 verbose readDependencies using package.json deps
7 verbose cache add [ 'contat', null ]
8 verbose cache add name=undefined spec="contat" args=["contat",null]
9 verbose parsed url { protocol: null,
9 verbose parsed url   slashes: null,
9 verbose parsed url   auth: null,
9 verbose parsed url   host: null,
9 verbose parsed url   port: null,
9 verbose parsed url   hostname: null,
9 verbose parsed url   hash: null,
9 verbose parsed url   search: null,
9 verbose parsed url   query: null,
9 verbose parsed url   pathname: 'contat',
9 verbose parsed url   path: 'contat',
9 verbose parsed url   href: 'contat' }
10 silly lockFile e4d2abe3-contat contat
11 verbose lock contat /Users/justincrains/.npm/e4d2abe3-contat.lock
12 silly lockFile e4d2abe3-contat contat
13 silly lockFile e4d2abe3-contat contat
14 verbose addNamed [ 'contat', '' ]
15 verbose addNamed [ null, '*' ]
16 silly lockFile f423a113-contat contat@
17 verbose lock contat@ /Users/justincrains/.npm/f423a113-contat.lock
18 silly addNameRange { name: 'contat', range: '*', hasData: false }
19 verbose request where is /contat
20 verbose request registry https://registry.npmjs.org/
21 verbose request id ac74eae3a6104e7f
22 verbose url raw /contat
23 verbose url resolving [ 'https://registry.npmjs.org/', './contat' ]
24 verbose url resolved https://registry.npmjs.org/contat
25 verbose request where is https://registry.npmjs.org/contat
26 info trying registry request attempt 1 at 21:03:59
27 http GET https://registry.npmjs.org/contat
28 http 404 https://registry.npmjs.org/contat
29 verbose headers { server: 'CouchDB/1.5.0 (Erlang OTP/R16B03)',
29 verbose headers   'content-type': 'application/json',
29 verbose headers   'cache-control': 'max-age=0',
29 verbose headers   'content-length': '51',
29 verbose headers   'accept-ranges': 'bytes',
29 verbose headers   date: 'Tue, 16 Jun 2015 01:03:59 GMT',
29 verbose headers   via: '1.1 varnish',
29 verbose headers   age: '0',
29 verbose headers   connection: 'keep-alive',
29 verbose headers   'x-served-by': 'cache-iad2128-IAD',
29 verbose headers   'x-cache': 'MISS',
29 verbose headers   'x-cache-hits': '0',
29 verbose headers   'x-timer': 'S1434416639.707991,VS0,VE94' }
30 silly registry.get cb [ 404,
30 silly registry.get   { server: 'CouchDB/1.5.0 (Erlang OTP/R16B03)',
30 silly registry.get     'content-type': 'application/json',
30 silly registry.get     'cache-control': 'max-age=0',
30 silly registry.get     'content-length': '51',
30 silly registry.get     'accept-ranges': 'bytes',
30 silly registry.get     date: 'Tue, 16 Jun 2015 01:03:59 GMT',
30 silly registry.get     via: '1.1 varnish',
30 silly registry.get     age: '0',
30 silly registry.get     connection: 'keep-alive',
30 silly registry.get     'x-served-by': 'cache-iad2128-IAD',
30 silly registry.get     'x-cache': 'MISS',
30 silly registry.get     'x-cache-hits': '0',
30 silly registry.get     'x-timer': 'S1434416639.707991,VS0,VE94' } ]
31 silly lockFile f423a113-contat contat@
32 silly lockFile f423a113-contat contat@
33 error 404 404 Not Found: contat
33 error 404
33 error 404 'contat' is not in the npm registry.
33 error 404 You should bug the author to publish it
33 error 404 It was specified as a dependency of 'portalplanet-theme'
33 error 404
33 error 404 Note that you can also install from a
33 error 404 tarball, folder, or http url, or git url.
34 error System Darwin 13.3.0
35 error command "node" "/usr/local/bin/npm" "install" "contat" "--save-dev"
36 error cwd /Applications/MAMP/htdocs/wordpress/wp-content/themes/portalplanet
37 error node -v v0.10.35
38 error npm -v 1.4.28
39 error code E404
40 verbose exit [ 1, true ]
